[
  {
    "line": 1,
    "elements": [
      {
        "line": 3,
        "name": "",
        "description": "",
        "type": "background",
        "keyword": "Background",
        "steps": [
          {
            "result": {
              "duration": 5646000000,
              "status": "passed"
            },
            "before": [
              {
                "result": {
                  "status": "passed"
                },
                "match": {
                  "location": "steps.Hooks.getScenarioName(io.cucumber.java.Scenario)"
                }
              }
            ],
            "line": 4,
            "name": "send notification was shown to user and he allows it",
            "match": {
              "location": "steps.login.LoginSteps.send_notification_was_shown_to_user()"
            },
            "keyword": "Given "
          },
          {
            "result": {
              "status": "passed"
            },
            "before": [
              {
                "result": {
                  "status": "passed"
                },
                "match": {
                  "location": "steps.Hooks.getScenarioName(io.cucumber.java.Scenario)"
                }
              }
            ],
            "line": 5,
            "name": "user swipes under get started screen and hits get started button",
            "match": {
              "location": "steps.login.LoginSteps.user_Swipes_Under_GetStarted_Screen()"
            },
            "keyword": "When "
          }
        ]
      },
      {
        "start_timestamp": "2020-07-05T05:39:24.583Z",
        "before": [
          {
            "result": {
              "duration": 6483000000,
              "status": "passed"
            },
            "match": {
              "location": "steps.Hooks.setup(io.cucumber.java.Scenario)"
            }
          }
        ],
        "line": 9,
        "name": "Verify login scenario",
        "description": "",
        "id": "this-feature-is-for-allowing-user-to-login-successfully-to-warba-banking-app-on-ios;verify-login-scenario",
        "after": [
          {
            "result": {
              "duration": 2081000000,
              "status": "passed"
            },
            "match": {
              "location": "steps.Hooks.tearDown()"
            }
          }
        ],
        "type": "scenario",
        "keyword": "Scenario",
        "steps": [
          {
            "result": {
              "duration": 584000000,
              "status": "passed"
            },
            "before": [
              {
                "result": {
                  "status": "passed"
                },
                "match": {
                  "location": "steps.Hooks.getScenarioName(io.cucumber.java.Scenario)"
                }
              }
            ],
            "line": 10,
            "name": "user clicks on login button",
            "match": {
              "location": "steps.login.LoginSteps.user_clicks_on_login_button()"
            },
            "keyword": "Then "
          },
          {
            "result": {
              "duration": 1830000000,
              "status": "passed"
            },
            "before": [
              {
                "result": {
                  "status": "passed"
                },
                "match": {
                  "location": "steps.Hooks.getScenarioName(io.cucumber.java.Scenario)"
                }
              }
            ],
            "line": 11,
            "name": "user enters username as \"jamuser21\"",
            "match": {
              "arguments": [
                {
                  "val": "jamuser21",
                  "offset": 25
                }
              ],
              "location": "steps.login.LoginSteps.user_Enters_Proper_Username_As(java.lang.String)"
            },
            "keyword": "When "
          },
          {
            "result": {
              "duration": 932000000,
              "status": "passed"
            },
            "before": [
              {
                "result": {
                  "status": "passed"
                },
                "match": {
                  "location": "steps.Hooks.getScenarioName(io.cucumber.java.Scenario)"
                }
              }
            ],
            "line": 12,
            "name": "user clicks on date of birth field",
            "match": {
              "location": "steps.login.LoginSteps.user_clicks_on_date_of_birth_field()"
            },
            "keyword": "And "
          },
          {
            "result": {
              "duration": 25281000000,
              "status": "passed"
            },
            "before": [
              {
                "result": {
                  "status": "passed"
                },
                "match": {
                  "location": "steps.Hooks.getScenarioName(io.cucumber.java.Scenario)"
                }
              }
            ],
            "line": 13,
            "name": "user selects date of birth as \"16\" of \"Jun\"",
            "match": {
              "arguments": [
                {
                  "val": "16",
                  "offset": 31
                },
                {
                  "val": "Jun",
                  "offset": 39
                }
              ],
              "location": "steps.login.LoginSteps.userSelectsDateOfBirth(java.lang.String,java.lang.String)"
            },
            "keyword": "And "
          },
          {
            "result": {
              "duration": 831000000,
              "status": "passed"
            },
            "before": [
              {
                "result": {
                  "status": "passed"
                },
                "match": {
                  "location": "steps.Hooks.getScenarioName(io.cucumber.java.Scenario)"
                }
              }
            ],
            "line": 14,
            "name": "user clicks on login button",
            "match": {
              "location": "steps.login.LoginSteps.user_clicks_on_login_button()"
            },
            "keyword": "And "
          },
          {
            "result": {
              "duration": 1075000000,
              "status": "passed"
            },
            "before": [
              {
                "result": {
                  "status": "passed"
                },
                "match": {
                  "location": "steps.Hooks.getScenarioName(io.cucumber.java.Scenario)"
                }
              }
            ],
            "line": 15,
            "name": "security question screen displays",
            "match": {
              "location": "steps.login.LoginSteps.security_question_screen_displays()"
            },
            "keyword": "Then "
          },
          {
            "result": {
              "duration": 2856000000,
              "status": "passed"
            },
            "before": [
              {
                "result": {
                  "status": "passed"
                },
                "match": {
                  "location": "steps.Hooks.getScenarioName(io.cucumber.java.Scenario)"
                }
              }
            ],
            "line": 16,
            "name": "user enters proper answer as \"123\"",
            "match": {
              "arguments": [
                {
                  "val": "123",
                  "offset": 30
                }
              ],
              "location": "steps.login.LoginSteps.user_enters_proper_answer(java.lang.String)"
            },
            "keyword": "When "
          },
          {
            "result": {
              "duration": 603000000,
              "status": "passed"
            },
            "before": [
              {
                "result": {
                  "status": "passed"
                },
                "match": {
                  "location": "steps.Hooks.getScenarioName(io.cucumber.java.Scenario)"
                }
              }
            ],
            "line": 17,
            "name": "user clicks on next button",
            "match": {
              "location": "steps.login.LoginSteps.user_clicks_on_next_button()"
            },
            "keyword": "And "
          },
          {
            "result": {
              "duration": 1076000000,
              "status": "passed"
            },
            "before": [
              {
                "result": {
                  "status": "passed"
                },
                "match": {
                  "location": "steps.Hooks.getScenarioName(io.cucumber.java.Scenario)"
                }
              }
            ],
            "line": 18,
            "name": "password screen displays",
            "match": {
              "location": "steps.login.LoginSteps.password_Screen_Displays()"
            },
            "keyword": "Then "
          },
          {
            "result": {
              "duration": 2949000000,
              "status": "passed"
            },
            "before": [
              {
                "result": {
                  "status": "passed"
                },
                "match": {
                  "location": "steps.Hooks.getScenarioName(io.cucumber.java.Scenario)"
                }
              }
            ],
            "line": 19,
            "name": "user enters his password as \"passw0rd\"",
            "match": {
              "arguments": [
                {
                  "val": "passw0rd",
                  "offset": 29
                }
              ],
              "location": "steps.login.LoginSteps.user_Enters_His_Password_As(java.lang.String)"
            },
            "keyword": "When "
          },
          {
            "result": {
              "duration": 594000000,
              "status": "passed"
            },
            "before": [
              {
                "result": {
                  "status": "passed"
                },
                "match": {
                  "location": "steps.Hooks.getScenarioName(io.cucumber.java.Scenario)"
                }
              }
            ],
            "line": 20,
            "name": "user clicks on next button After Password",
            "match": {
              "location": "steps.login.LoginSteps.user_clicks_on_next_button_After_Password()"
            },
            "keyword": "And "
          },
          {
            "result": {
              "duration": 7546000000,
              "status": "passed"
            },
            "before": [
              {
                "result": {
                  "duration": 1000000,
                  "status": "passed"
                },
                "match": {
                  "location": "steps.Hooks.getScenarioName(io.cucumber.java.Scenario)"
                }
              }
            ],
            "line": 21,
            "name": "user skips the tutorial",
            "match": {
              "location": "steps.login.LoginSteps.userSkipsTheTutorial()"
            },
            "keyword": "Then "
          },
          {
            "result": {
              "error_message": "org.openqa.selenium.TimeoutException: Expected condition failed: waiting for element to be clickable: Located by By.chained({By.AccessibilityId: logoutt}) (tried for 200 second(s) with 500 milliseconds interval)\n\tat org.openqa.selenium.support.ui.WebDriverWait.timeoutException(WebDriverWait.java:95)\n\tat org.openqa.selenium.support.ui.FluentWait.until(FluentWait.java:272)\n\tat util.Util.waitForElementToBeClickable(Util.java:173)\n\tat steps.login.LoginSteps.user_clicks_on_logout_icon(LoginSteps.java:145)\n\tat âœ½.user clicks on logout icon(file:///Users/abhishekjain/Documents/Practice%20Projects/iPhone/WarbaProject/src/test/java/features/login/login.feature:22)\nCaused by: org.openqa.selenium.NoSuchElementException: Can\u0027t locate an element by this strategy: By.chained({By.AccessibilityId: logoutt})\n\tat io.appium.java_client.pagefactory.AppiumElementLocator.findElement(AppiumElementLocator.java:126)\n\tat io.appium.java_client.pagefactory.interceptors.InterceptorOfASingleElement.intercept(InterceptorOfASingleElement.java:59)\n\tat io.appium.java_client.ios.IOSElement$$EnhancerByCGLIB$$d311658.isDisplayed(\u003cgenerated\u003e)\n\tat org.openqa.selenium.support.ui.ExpectedConditions.elementIfVisible(ExpectedConditions.java:314)\n\tat org.openqa.selenium.support.ui.ExpectedConditions.access$000(ExpectedConditions.java:43)\n\tat org.openqa.selenium.support.ui.ExpectedConditions$10.apply(ExpectedConditions.java:300)\n\tat org.openqa.selenium.support.ui.ExpectedConditions$10.apply(ExpectedConditions.java:297)\n\tat org.openqa.selenium.support.ui.ExpectedConditions$23.apply(ExpectedConditions.java:670)\n\tat org.openqa.selenium.support.ui.ExpectedConditions$23.apply(ExpectedConditions.java:666)\n\tat org.openqa.selenium.support.ui.FluentWait.until(FluentWait.java:249)\n\tat util.Util.waitForElementToBeClickable(Util.java:173)\n\tat steps.login.LoginSteps.user_clicks_on_logout_icon(LoginSteps.java:145)\n\tat sun.reflect.NativeMethodAccessorImpl.invoke0(Native Method)\n\tat sun.reflect.NativeMethodAccessorImpl.invoke(NativeMethodAccessorImpl.java:62)\n\tat sun.reflect.DelegatingMethodAccessorImpl.invoke(DelegatingMethodAccessorImpl.java:43)\n\tat java.lang.reflect.Method.invoke(Method.java:498)\n\tat io.cucumber.java.Invoker.invoke(Invoker.java:27)\n\tat io.cucumber.java.JavaStepDefinition.execute(JavaStepDefinition.java:27)\n\tat io.cucumber.core.runner.PickleStepDefinitionMatch.runStep(PickleStepDefinitionMatch.java:63)\n\tat io.cucumber.core.runner.TestStep.executeStep(TestStep.java:64)\n\tat io.cucumber.core.runner.TestStep.run(TestStep.java:49)\n\tat io.cucumber.core.runner.PickleStepTestStep.run(PickleStepTestStep.java:46)\n\tat io.cucumber.core.runner.TestCase.run(TestCase.java:51)\n\tat io.cucumber.core.runner.Runner.runPickle(Runner.java:67)\n\tat io.cucumber.testng.TestNGCucumberRunner.runScenario(TestNGCucumberRunner.java:124)\n\tat io.cucumber.testng.AbstractTestNGCucumberTests.runScenario(AbstractTestNGCucumberTests.java:29)\n\tat sun.reflect.NativeMethodAccessorImpl.invoke0(Native Method)\n\tat sun.reflect.NativeMethodAccessorImpl.invoke(NativeMethodAccessorImpl.java:62)\n\tat sun.reflect.DelegatingMethodAccessorImpl.invoke(DelegatingMethodAccessorImpl.java:43)\n\tat java.lang.reflect.Method.invoke(Method.java:498)\n\tat org.testng.internal.MethodInvocationHelper.invokeMethod(MethodInvocationHelper.java:134)\n\tat org.testng.internal.TestInvoker.invokeMethod(TestInvoker.java:597)\n\tat org.testng.internal.TestInvoker.invokeTestMethod(TestInvoker.java:173)\n\tat org.testng.internal.MethodRunner.runInSequence(MethodRunner.java:46)\n\tat org.testng.internal.TestInvoker$MethodInvocationAgent.invoke(TestInvoker.java:816)\n\tat org.testng.internal.TestInvoker.invokeTestMethods(TestInvoker.java:146)\n\tat org.testng.internal.TestMethodWorker.invokeTestMethods(TestMethodWorker.java:146)\n\tat org.testng.internal.TestMethodWorker.run(TestMethodWorker.java:128)\n\tat java.util.ArrayList.forEach(ArrayList.java:1257)\n\tat org.testng.TestRunner.privateRun(TestRunner.java:766)\n\tat org.testng.TestRunner.run(TestRunner.java:587)\n\tat org.testng.SuiteRunner.runTest(SuiteRunner.java:384)\n\tat org.testng.SuiteRunner.runSequentially(SuiteRunner.java:378)\n\tat org.testng.SuiteRunner.privateRun(SuiteRunner.java:337)\n\tat org.testng.SuiteRunner.run(SuiteRunner.java:286)\n\tat org.testng.SuiteRunnerWorker.runSuite(SuiteRunnerWorker.java:53)\n\tat org.testng.SuiteRunnerWorker.run(SuiteRunnerWorker.java:96)\n\tat org.testng.TestNG.runSuitesSequentially(TestNG.java:1187)\n\tat org.testng.TestNG.runSuitesLocally(TestNG.java:1109)\n\tat org.testng.TestNG.runSuites(TestNG.java:1039)\n\tat org.testng.TestNG.run(TestNG.java:1007)\n\tat com.intellij.rt.testng.IDEARemoteTestNG.run(IDEARemoteTestNG.java:66)\n\tat com.intellij.rt.testng.RemoteTestNGStarter.main(RemoteTestNGStarter.java:110)\nCaused by: org.openqa.selenium.TimeoutException: Expected condition failed: waiting for io.appium.java_client.pagefactory.AppiumElementLocator$WaitingFunction@76c548f (tried for 1 second(s) with 500 milliseconds interval)\n\tat org.openqa.selenium.support.ui.FluentWait.timeoutException(FluentWait.java:304)\n\tat org.openqa.selenium.support.ui.FluentWait.until(FluentWait.java:272)\n\tat io.appium.java_client.pagefactory.AppiumElementLocator.waitFor(AppiumElementLocator.java:99)\n\tat io.appium.java_client.pagefactory.AppiumElementLocator.findElement(AppiumElementLocator.java:119)\n\t... 52 more\nCaused by: org.openqa.selenium.NoSuchElementException: Cannot locate an element using By.chained({By.AccessibilityId: logoutt})\nFor documentation on this error, please visit: https://www.seleniumhq.org/exceptions/no_such_element.html\nBuild info: version: \u00273.141.59\u0027, revision: \u0027e82be7d358\u0027, time: \u00272018-11-14T08:25:48\u0027\nSystem info: host: \u0027Hussams-MacBook-Pro.local\u0027, ip: \u0027fe80:0:0:0:1831:92f4:66ea:922e%en0\u0027, os.name: \u0027Mac OS X\u0027, os.arch: \u0027x86_64\u0027, os.version: \u002710.15.5\u0027, java.version: \u00271.8.0_211\u0027\nDriver info: driver.version: IOSDriver\n\tat io.appium.java_client.pagefactory.bys.builder.ByChained.findElement(ByChained.java:74)\n\tat org.openqa.selenium.remote.RemoteWebDriver.findElement(RemoteWebDriver.java:315)\n\tat io.appium.java_client.DefaultGenericMobileDriver.findElement(DefaultGenericMobileDriver.java:57)\n\tat io.appium.java_client.AppiumDriver.findElement(AppiumDriver.java:1)\n\tat io.appium.java_client.ios.IOSDriver.findElement(IOSDriver.java:1)\n\tat io.appium.java_client.pagefactory.bys.ContentMappedBy.findElement(ContentMappedBy.java:50)\n\tat org.openqa.selenium.remote.RemoteWebDriver.findElement(RemoteWebDriver.java:315)\n\tat io.appium.java_client.DefaultGenericMobileDriver.findElement(DefaultGenericMobileDriver.java:57)\n\tat io.appium.java_client.AppiumDriver.findElement(AppiumDriver.java:1)\n\tat io.appium.java_client.ios.IOSDriver.findElement(IOSDriver.java:1)\n\tat io.appium.java_client.pagefactory.AppiumElementLocator.lambda$0(AppiumElementLocator.java:120)\n\tat io.appium.java_client.pagefactory.AppiumElementLocator$WaitingFunction.apply(AppiumElementLocator.java:172)\n\tat io.appium.java_client.pagefactory.AppiumElementLocator$WaitingFunction.apply(AppiumElementLocator.java:1)\n\tat org.openqa.selenium.support.ui.FluentWait.until(FluentWait.java:249)\n\t... 54 more\n",
              "duration": 204180000000,
              "status": "failed"
            },
            "before": [
              {
                "result": {
                  "status": "passed"
                },
                "match": {
                  "location": "steps.Hooks.getScenarioName(io.cucumber.java.Scenario)"
                }
              }
            ],
            "line": 22,
            "name": "user clicks on logout icon",
            "match": {
              "location": "steps.login.LoginSteps.user_clicks_on_logout_icon()"
            },
            "keyword": "Then "
          }
        ],
        "tags": [
          {
            "name": "@Login"
          }
        ]
      }
    ],
    "name": "This feature is for allowing user to login successfully to Warba banking app on IOS",
    "description": "",
    "id": "this-feature-is-for-allowing-user-to-login-successfully-to-warba-banking-app-on-ios",
    "keyword": "Feature",
    "uri": "file:src/test/java/features/login/login.feature",
    "tags": []
  }
]